Copyright 1986-2022 Xilinx, Inc. All Rights Reserved. Copyright 2022-2025 Advanced Micro Devices, Inc. All Rights Reserved.
---------------------------------------------------------------------------------------------------------------------------------------------------------
| Tool Version : Vivado v.2025.2 (win64) Build 6299465 Fri Nov 14 19:35:11 GMT 2025
| Date         : Mon Mar 16 00:49:17 2026
| Host         : Daniyal running 64-bit major release  (build 9200)
| Command      : report_drc -file design_1_wrapper_fpga_drc_routed.rpt -pb design_1_wrapper_fpga_drc_routed.pb -rpx design_1_wrapper_fpga_drc_routed.rpx
| Design       : design_1_wrapper_fpga
| Device       : xc7a35tcpg236-1
| Speed File   : -1
| Design State : Fully Routed
---------------------------------------------------------------------------------------------------------------------------------------------------------

Report DRC

Table of Contents
-----------------
1. REPORT SUMMARY
2. REPORT DETAILS

1. REPORT SUMMARY
-----------------
            Netlist: netlist
          Floorplan: design_1
      Design limits: <entire design considered>
           Ruledeck: default
             Max checks: <unlimited>
             Checks found: 96
+-----------+----------+-------------------------+--------+
| Rule      | Severity | Description             | Checks |
+-----------+----------+-------------------------+--------+
| DPIP-1    | Warning  | Input pipelining        | 38     |
| DPOP-1    | Warning  | PREG Output pipelining  | 26     |
| DPOP-2    | Warning  | MREG Output pipelining  | 28     |
| PDCN-1569 | Warning  | LUT equation term check | 3      |
| RTSTAT-10 | Warning  | No routable loads       | 1      |
+-----------+----------+-------------------------+--------+

2. REPORT DETAILS
-----------------
DPIP-1#1 Warning
Input pipelining  
DSP design_1_i/compute_f13_0/inst/grp_compute_f13_Pipeline_VITIS_LOOP_66_6_fu_735/mac_muladd_16s_16s_26s_26_4_1_U101/compute_f13_mac_muladd_16s_16s_26s_26_4_1_DSP48_0_U/p_reg_reg input design_1_i/compute_f13_0/inst/grp_compute_f13_Pipeline_VITIS_LOOP_66_6_fu_735/mac_muladd_16s_16s_26s_26_4_1_U101/compute_f13_mac_muladd_16s_16s_26s_26_4_1_DSP48_0_U/p_reg_reg/C[47:0] is not pipelined. Pipelining DSP48 input will improve performance.
Related violations: <none>

DPIP-1#2 Warning
Input pipelining  
DSP design_1_i/compute_f13_0/inst/mul_16s_18ns_34_1_1_U126/tmp_product input design_1_i/compute_f13_0/inst/mul_16s_18ns_34_1_1_U126/tmp_product/B[17:0] is not pipelined. Pipelining DSP48 input will improve performance.
Related violations: <none>

DPIP-1#3 Warning
Input pipelining  
DSP design_1_i/compute_f13_0/inst/mul_16s_18ns_34_1_1_U127/tmp_product input design_1_i/compute_f13_0/inst/mul_16s_18ns_34_1_1_U127/tmp_product/B[17:0] is not pipelined. Pipelining DSP48 input will improve performance.
Related violations: <none>

DPIP-1#4 Warning
Input pipelining  
DSP design_1_i/compute_f13_0/inst/mul_16s_18ns_34_1_1_U128/tmp_product input design_1_i/compute_f13_0/inst/mul_16s_18ns_34_1_1_U128/tmp_product/B[17:0] is not pipelined. Pipelining DSP48 input will improve performance.
Related violations: <none>

DPIP-1#5 Warning
Input pipelining  
DSP design_1_i/compute_f13_0/inst/mul_16s_18ns_34_1_1_U129/tmp_product input design_1_i/compute_f13_0/inst/mul_16s_18ns_34_1_1_U129/tmp_product/B[17:0] is not pipelined. Pipelining DSP48 input will improve performance.
Related violations: <none>

DPIP-1#6 Warning
Input pipelining  
DSP design_1_i/compute_f13_0/inst/mul_16s_18ns_34_1_1_U130/tmp_product input design_1_i/compute_f13_0/inst/mul_16s_18ns_34_1_1_U130/tmp_product/B[17:0] is not pipelined. Pipelining DSP48 input will improve performance.
Related violations: <none>

DPIP-1#7 Warning
Input pipelining  
DSP design_1_i/compute_f13_0/inst/mul_16s_18ns_34_1_1_U131/tmp_product input design_1_i/compute_f13_0/inst/mul_16s_18ns_34_1_1_U131/tmp_product/B[17:0] is not pipelined. Pipelining DSP48 input will improve performance.
Related violations: <none>

DPIP-1#8 Warning
Input pipelining  
DSP design_1_i/compute_f13_0/inst/mul_16s_18ns_34_1_1_U136/tmp_product input design_1_i/compute_f13_0/inst/mul_16s_18ns_34_1_1_U136/tmp_product/B[17:0] is not pipelined. Pipelining DSP48 input will improve performance.
Related violations: <none>

DPIP-1#9 Warning
Input pipelining  
DSP design_1_i/compute_f13_0/inst/mul_17s_19ns_36_1_1_U135/tmp_product input design_1_i/compute_f13_0/inst/mul_17s_19ns_36_1_1_U135/tmp_product/B[17:0] is not pipelined. Pipelining DSP48 input will improve performance.
Related violations: <none>

DPIP-1#10 Warning
Input pipelining  
DSP design_1_i/lr_predict_0/inst/grp_dense_latency_ap_fixed_16_6_5_3_0_ap_fixed_16_6_5_3_0_config2_s_fu_45/mul_16s_5ns_21_1_1_U1/tmp_product input design_1_i/lr_predict_0/inst/grp_dense_latency_ap_fixed_16_6_5_3_0_ap_fixed_16_6_5_3_0_config2_s_fu_45/mul_16s_5ns_21_1_1_U1/tmp_product/A[29:0] is not pipelined. Pipelining DSP48 input will improve performance.
Related violations: <none>

DPIP-1#11 Warning
Input pipelining  
DSP design_1_i/lr_predict_0/inst/grp_dense_latency_ap_fixed_16_6_5_3_0_ap_fixed_16_6_5_3_0_config2_s_fu_45/mul_16s_5ns_21_1_1_U3/tmp_product input design_1_i/lr_predict_0/inst/grp_dense_latency_ap_fixed_16_6_5_3_0_ap_fixed_16_6_5_3_0_config2_s_fu_45/mul_16s_5ns_21_1_1_U3/tmp_product/A[29:0] is not pipelined. Pipelining DSP48 input will improve performance.
Related violations: <none>

DPIP-1#12 Warning
Input pipelining  
DSP design_1_i/lr_predict_0/inst/grp_dense_latency_ap_fixed_16_6_5_3_0_ap_fixed_16_6_5_3_0_config2_s_fu_45/mul_16s_9s_25_1_1_U2/tmp_product input design_1_i/lr_predict_0/inst/grp_dense_latency_ap_fixed_16_6_5_3_0_ap_fixed_16_6_5_3_0_config2_s_fu_45/mul_16s_9s_25_1_1_U2/tmp_product/A[29:0] is not pipelined. Pipelining DSP48 input will improve performance.
Related violations: <none>

DPIP-1#13 Warning
Input pipelining  
DSP design_1_i/myproject_0/inst/dense_resource_rf_gt_nin_rem0_ap_fixed_ap_fixed_16_6_5_3_0_config2_U0/mul_16s_10s_26_1_1_U9/tmp_product input design_1_i/myproject_0/inst/dense_resource_rf_gt_nin_rem0_ap_fixed_ap_fixed_16_6_5_3_0_config2_U0/mul_16s_10s_26_1_1_U9/tmp_product/A[29:0] is not pipelined. Pipelining DSP48 input will improve performance.
Related violations: <none>

DPIP-1#14 Warning
Input pipelining  
DSP design_1_i/myproject_0/inst/dense_resource_rf_gt_nin_rem0_ap_fixed_ap_fixed_16_6_5_3_0_config2_U0/mul_16s_10s_26_1_1_U9/tmp_product input design_1_i/myproject_0/inst/dense_resource_rf_gt_nin_rem0_ap_fixed_ap_fixed_16_6_5_3_0_config2_U0/mul_16s_10s_26_1_1_U9/tmp_product/B[17:0] is not pipelined. Pipelining DSP48 input will improve performance.
Related violations: <none>

DPIP-1#15 Warning
Input pipelining  
DSP design_1_i/myproject_0/inst/dense_resource_rf_gt_nin_rem0_ap_fixed_ap_fixed_16_6_5_3_0_config2_U0/mul_16s_16s_26_1_1_U2/tmp_product input design_1_i/myproject_0/inst/dense_resource_rf_gt_nin_rem0_ap_fixed_ap_fixed_16_6_5_3_0_config2_U0/mul_16s_16s_26_1_1_U2/tmp_product/A[29:0] is not pipelined. Pipelining DSP48 input will improve performance.
Related violations: <none>

DPIP-1#16 Warning
Input pipelining  
DSP design_1_i/myproject_0/inst/dense_resource_rf_gt_nin_rem0_ap_fixed_ap_fixed_16_6_5_3_0_config2_U0/mul_16s_16s_26_1_1_U2/tmp_product input design_1_i/myproject_0/inst/dense_resource_rf_gt_nin_rem0_ap_fixed_ap_fixed_16_6_5_3_0_config2_U0/mul_16s_16s_26_1_1_U2/tmp_product/B[17:0] is not pipelined. Pipelining DSP48 input will improve performance.
Related violations: <none>

DPIP-1#17 Warning
Input pipelining  
DSP design_1_i/myproject_0/inst/dense_resource_rf_gt_nin_rem0_ap_fixed_ap_fixed_16_6_5_3_0_config2_U0/mul_16s_16s_26_1_1_U3/tmp_product input design_1_i/myproject_0/inst/dense_resource_rf_gt_nin_rem0_ap_fixed_ap_fixed_16_6_5_3_0_config2_U0/mul_16s_16s_26_1_1_U3/tmp_product/A[29:0] is not pipelined. Pipelining DSP48 input will improve performance.
Related violations: <none>

DPIP-1#18 Warning
Input pipelining  
DSP design_1_i/myproject_0/inst/dense_resource_rf_gt_nin_rem0_ap_fixed_ap_fixed_16_6_5_3_0_config2_U0/mul_16s_16s_26_1_1_U3/tmp_product input design_1_i/myproject_0/inst/dense_resource_rf_gt_nin_rem0_ap_fixed_ap_fixed_16_6_5_3_0_config2_U0/mul_16s_16s_26_1_1_U3/tmp_product/B[17:0] is not pipelined. Pipelining DSP48 input will improve performance.
Related violations: <none>

DPIP-1#19 Warning
Input pipelining  
DSP design_1_i/myproject_0/inst/dense_resource_rf_gt_nin_rem0_ap_fixed_ap_fixed_16_6_5_3_0_config2_U0/mul_16s_16s_26_1_1_U4/tmp_product input design_1_i/myproject_0/inst/dense_resource_rf_gt_nin_rem0_ap_fixed_ap_fixed_16_6_5_3_0_config2_U0/mul_16s_16s_26_1_1_U4/tmp_product/A[29:0] is not pipelined. Pipelining DSP48 input will improve performance.
Related violations: <none>

DPIP-1#20 Warning
Input pipelining  
DSP design_1_i/myproject_0/inst/dense_resource_rf_gt_nin_rem0_ap_fixed_ap_fixed_16_6_5_3_0_config2_U0/mul_16s_16s_26_1_1_U4/tmp_product input design_1_i/myproject_0/inst/dense_resource_rf_gt_nin_rem0_ap_fixed_ap_fixed_16_6_5_3_0_config2_U0/mul_16s_16s_26_1_1_U4/tmp_product/B[17:0] is not pipelined. Pipelining DSP48 input will improve performance.
Related violations: <none>

DPIP-1#21 Warning
Input pipelining  
DSP design_1_i/myproject_0/inst/dense_resource_rf_gt_nin_rem0_ap_fixed_ap_fixed_16_6_5_3_0_config2_U0/mul_16s_16s_26_1_1_U5/tmp_product input design_1_i/myproject_0/inst/dense_resource_rf_gt_nin_rem0_ap_fixed_ap_fixed_16_6_5_3_0_config2_U0/mul_16s_16s_26_1_1_U5/tmp_product/A[29:0] is not pipelined. Pipelining DSP48 input will improve performance.
Related violations: <none>

DPIP-1#22 Warning
Input pipelining  
DSP design_1_i/myproject_0/inst/dense_resource_rf_gt_nin_rem0_ap_fixed_ap_fixed_16_6_5_3_0_config2_U0/mul_16s_16s_26_1_1_U5/tmp_product input design_1_i/myproject_0/inst/dense_resource_rf_gt_nin_rem0_ap_fixed_ap_fixed_16_6_5_3_0_config2_U0/mul_16s_16s_26_1_1_U5/tmp_product/B[17:0] is not pipelined. Pipelining DSP48 input will improve performance.
Related violations: <none>

DPIP-1#23 Warning
Input pipelining  
DSP design_1_i/myproject_0/inst/dense_resource_rf_gt_nin_rem0_ap_fixed_ap_fixed_16_6_5_3_0_config2_U0/mul_16s_16s_26_1_1_U6/tmp_product input design_1_i/myproject_0/inst/dense_resource_rf_gt_nin_rem0_ap_fixed_ap_fixed_16_6_5_3_0_config2_U0/mul_16s_16s_26_1_1_U6/tmp_product/A[29:0] is not pipelined. Pipelining DSP48 input will improve performance.
Related violations: <none>

DPIP-1#24 Warning
Input pipelining  
DSP design_1_i/myproject_0/inst/dense_resource_rf_gt_nin_rem0_ap_fixed_ap_fixed_16_6_5_3_0_config2_U0/mul_16s_16s_26_1_1_U6/tmp_product input design_1_i/myproject_0/inst/dense_resource_rf_gt_nin_rem0_ap_fixed_ap_fixed_16_6_5_3_0_config2_U0/mul_16s_16s_26_1_1_U6/tmp_product/B[17:0] is not pipelined. Pipelining DSP48 input will improve performance.
Related violations: <none>

DPIP-1#25 Warning
Input pipelining  
DSP design_1_i/myproject_0/inst/dense_resource_rf_gt_nin_rem0_ap_fixed_ap_fixed_16_6_5_3_0_config2_U0/mul_16s_16s_26_1_1_U7/tmp_product input design_1_i/myproject_0/inst/dense_resource_rf_gt_nin_rem0_ap_fixed_ap_fixed_16_6_5_3_0_config2_U0/mul_16s_16s_26_1_1_U7/tmp_product/A[29:0] is not pipelined. Pipelining DSP48 input will improve performance.
Related violations: <none>

DPIP-1#26 Warning
Input pipelining  
DSP design_1_i/myproject_0/inst/dense_resource_rf_gt_nin_rem0_ap_fixed_ap_fixed_16_6_5_3_0_config2_U0/mul_16s_16s_26_1_1_U7/tmp_product input design_1_i/myproject_0/inst/dense_resource_rf_gt_nin_rem0_ap_fixed_ap_fixed_16_6_5_3_0_config2_U0/mul_16s_16s_26_1_1_U7/tmp_product/B[17:0] is not pipelined. Pipelining DSP48 input will improve performance.
Related violations: <none>

DPIP-1#27 Warning
Input pipelining  
DSP design_1_i/myproject_0/inst/dense_resource_rf_gt_nin_rem0_ap_fixed_ap_fixed_16_6_5_3_0_config2_U0/mul_16s_16s_26_1_1_U8/tmp_product input design_1_i/myproject_0/inst/dense_resource_rf_gt_nin_rem0_ap_fixed_ap_fixed_16_6_5_3_0_config2_U0/mul_16s_16s_26_1_1_U8/tmp_product/A[29:0] is not pipelined. Pipelining DSP48 input will improve performance.
Related violations: <none>

DPIP-1#28 Warning
Input pipelining  
DSP design_1_i/myproject_0/inst/dense_resource_rf_gt_nin_rem0_ap_fixed_ap_fixed_16_6_5_3_0_config2_U0/mul_16s_16s_26_1_1_U8/tmp_product input design_1_i/myproject_0/inst/dense_resource_rf_gt_nin_rem0_ap_fixed_ap_fixed_16_6_5_3_0_config2_U0/mul_16s_16s_26_1_1_U8/tmp_product/B[17:0] is not pipelined. Pipelining DSP48 input will improve performance.
Related violations: <none>

DPIP-1#29 Warning
Input pipelining  
DSP design_1_i/myproject_0/inst/dense_resource_rf_gt_nin_rem0_ap_fixed_ap_fixed_16_6_5_3_0_config5_U0/mul_15ns_10s_25_1_1_U36/tmp_product input design_1_i/myproject_0/inst/dense_resource_rf_gt_nin_rem0_ap_fixed_ap_fixed_16_6_5_3_0_config5_U0/mul_15ns_10s_25_1_1_U36/tmp_product/A[29:0] is not pipelined. Pipelining DSP48 input will improve performance.
Related violations: <none>

DPIP-1#30 Warning
Input pipelining  
DSP design_1_i/myproject_0/inst/dense_resource_rf_gt_nin_rem0_ap_fixed_ap_fixed_16_6_5_3_0_config5_U0/mul_15ns_10s_25_1_1_U36/tmp_product input design_1_i/myproject_0/inst/dense_resource_rf_gt_nin_rem0_ap_fixed_ap_fixed_16_6_5_3_0_config5_U0/mul_15ns_10s_25_1_1_U36/tmp_product/B[17:0] is not pipelined. Pipelining DSP48 input will improve performance.
Related violations: <none>

DPIP-1#31 Warning
Input pipelining  
DSP design_1_i/myproject_0/inst/dense_resource_rf_gt_nin_rem0_ap_fixed_ap_fixed_16_6_5_3_0_config5_U0/mul_16s_15ns_26_1_1_U33/tmp_product input design_1_i/myproject_0/inst/dense_resource_rf_gt_nin_rem0_ap_fixed_ap_fixed_16_6_5_3_0_config5_U0/mul_16s_15ns_26_1_1_U33/tmp_product/A[29:0] is not pipelined. Pipelining DSP48 input will improve performance.
Related violations: <none>

DPIP-1#32 Warning
Input pipelining  
DSP design_1_i/myproject_0/inst/dense_resource_rf_gt_nin_rem0_ap_fixed_ap_fixed_16_6_5_3_0_config5_U0/mul_16s_15ns_26_1_1_U33/tmp_product input design_1_i/myproject_0/inst/dense_resource_rf_gt_nin_rem0_ap_fixed_ap_fixed_16_6_5_3_0_config5_U0/mul_16s_15ns_26_1_1_U33/tmp_product/B[17:0] is not pipelined. Pipelining DSP48 input will improve performance.
Related violations: <none>

DPIP-1#33 Warning
Input pipelining  
DSP design_1_i/myproject_0/inst/dense_resource_rf_gt_nin_rem0_ap_fixed_ap_fixed_16_6_5_3_0_config5_U0/mul_16s_15ns_26_1_1_U34/tmp_product input design_1_i/myproject_0/inst/dense_resource_rf_gt_nin_rem0_ap_fixed_ap_fixed_16_6_5_3_0_config5_U0/mul_16s_15ns_26_1_1_U34/tmp_product/A[29:0] is not pipelined. Pipelining DSP48 input will improve performance.
Related violations: <none>

DPIP-1#34 Warning
Input pipelining  
DSP design_1_i/myproject_0/inst/dense_resource_rf_gt_nin_rem0_ap_fixed_ap_fixed_16_6_5_3_0_config5_U0/mul_16s_15ns_26_1_1_U34/tmp_product input design_1_i/myproject_0/inst/dense_resource_rf_gt_nin_rem0_ap_fixed_ap_fixed_16_6_5_3_0_config5_U0/mul_16s_15ns_26_1_1_U34/tmp_product/B[17:0] is not pipelined. Pipelining DSP48 input will improve performance.
Related violations: <none>

DPIP-1#35 Warning
Input pipelining  
DSP design_1_i/myproject_0/inst/dense_resource_rf_gt_nin_rem0_ap_fixed_ap_fixed_16_6_5_3_0_config5_U0/mul_16s_15ns_26_1_1_U35/tmp_product input design_1_i/myproject_0/inst/dense_resource_rf_gt_nin_rem0_ap_fixed_ap_fixed_16_6_5_3_0_config5_U0/mul_16s_15ns_26_1_1_U35/tmp_product/A[29:0] is not pipelined. Pipelining DSP48 input will improve performance.
Related violations: <none>

DPIP-1#36 Warning
Input pipelining  
DSP design_1_i/myproject_0/inst/dense_resource_rf_gt_nin_rem0_ap_fixed_ap_fixed_16_6_5_3_0_config5_U0/mul_16s_15ns_26_1_1_U35/tmp_product input design_1_i/myproject_0/inst/dense_resource_rf_gt_nin_rem0_ap_fixed_ap_fixed_16_6_5_3_0_config5_U0/mul_16s_15ns_26_1_1_U35/tmp_product/B[17:0] is not pipelined. Pipelining DSP48 input will improve performance.
Related violations: <none>

DPIP-1#37 Warning
Input pipelining  
DSP design_1_i/myproject_0/inst/dense_resource_rf_leq_nin_ap_fixed_ap_fixed_16_6_5_3_0_config7_U0/mul_15ns_12s_26_1_1_U67/tmp_product input design_1_i/myproject_0/inst/dense_resource_rf_leq_nin_ap_fixed_ap_fixed_16_6_5_3_0_config7_U0/mul_15ns_12s_26_1_1_U67/tmp_product/A[29:0] is not pipelined. Pipelining DSP48 input will improve performance.
Related violations: <none>

DPIP-1#38 Warning
Input pipelining  
DSP design_1_i/myproject_0/inst/dense_resource_rf_leq_nin_ap_fixed_ap_fixed_16_6_5_3_0_config7_U0/mul_15ns_12s_26_1_1_U67/tmp_product input design_1_i/myproject_0/inst/dense_resource_rf_leq_nin_ap_fixed_ap_fixed_16_6_5_3_0_config7_U0/mul_15ns_12s_26_1_1_U67/tmp_product/B[17:0] is not pipelined. Pipelining DSP48 input will improve performance.
Related violations: <none>

DPOP-1#1 Warning
PREG Output pipelining  
DSP design_1_i/compute_f13_0/inst/mul_16s_18ns_34_1_1_U126/tmp_product output design_1_i/compute_f13_0/inst/mul_16s_18ns_34_1_1_U126/tmp_product/P[47:0] is not pipelined (PREG=0). Pipelining the DSP48 output will improve performance and often saves power so it is suggested whenever possible to fully pipeline this function.  If this DSP48 function was inferred, it is suggested to describe an additional register stage after this function.  If the DSP48 was instantiated in the design, it is suggested to set the PREG attribute to 1.
Related violations: <none>

DPOP-1#2 Warning
PREG Output pipelining  
DSP design_1_i/compute_f13_0/inst/mul_16s_18ns_34_1_1_U127/tmp_product output design_1_i/compute_f13_0/inst/mul_16s_18ns_34_1_1_U127/tmp_product/P[47:0] is not pipelined (PREG=0). Pipelining the DSP48 output will improve performance and often saves power so it is suggested whenever possible to fully pipeline this function.  If this DSP48 function was inferred, it is suggested to describe an additional register stage after this function.  If the DSP48 was instantiated in the design, it is suggested to set the PREG attribute to 1.
Related violations: <none>

DPOP-1#3 Warning
PREG Output pipelining  
DSP design_1_i/compute_f13_0/inst/mul_16s_18ns_34_1_1_U128/tmp_product output design_1_i/compute_f13_0/inst/mul_16s_18ns_34_1_1_U128/tmp_product/P[47:0] is not pipelined (PREG=0). Pipelining the DSP48 output will improve performance and often saves power so it is suggested whenever possible to fully pipeline this function.  If this DSP48 function was inferred, it is suggested to describe an additional register stage after this function.  If the DSP48 was instantiated in the design, it is suggested to set the PREG attribute to 1.
Related violations: <none>

DPOP-1#4 Warning
PREG Output pipelining  
DSP design_1_i/compute_f13_0/inst/mul_16s_18ns_34_1_1_U129/tmp_product output design_1_i/compute_f13_0/inst/mul_16s_18ns_34_1_1_U129/tmp_product/P[47:0] is not pipelined (PREG=0). Pipelining the DSP48 output will improve performance and often saves power so it is suggested whenever possible to fully pipeline this function.  If this DSP48 function was inferred, it is suggested to describe an additional register stage after this function.  If the DSP48 was instantiated in the design, it is suggested to set the PREG attribute to 1.
Related violations: <none>

DPOP-1#5 Warning
PREG Output pipelining  
DSP design_1_i/compute_f13_0/inst/mul_16s_18ns_34_1_1_U130/tmp_product output design_1_i/compute_f13_0/inst/mul_16s_18ns_34_1_1_U130/tmp_product/P[47:0] is not pipelined (PREG=0). Pipelining the DSP48 output will improve performance and often saves power so it is suggested whenever possible to fully pipeline this function.  If this DSP48 function was inferred, it is suggested to describe an additional register stage after this function.  If the DSP48 was instantiated in the design, it is suggested to set the PREG attribute to 1.
Related violations: <none>

DPOP-1#6 Warning
PREG Output pipelining  
DSP design_1_i/compute_f13_0/inst/mul_16s_18ns_34_1_1_U131/tmp_product output design_1_i/compute_f13_0/inst/mul_16s_18ns_34_1_1_U131/tmp_product/P[47:0] is not pipelined (PREG=0). Pipelining the DSP48 output will improve performance and often saves power so it is suggested whenever possible to fully pipeline this function.  If this DSP48 function was inferred, it is suggested to describe an additional register stage after this function.  If the DSP48 was instantiated in the design, it is suggested to set the PREG attribute to 1.
Related violations: <none>

DPOP-1#7 Warning
PREG Output pipelining  
DSP design_1_i/compute_f13_0/inst/mul_16s_18ns_34_1_1_U136/tmp_product output design_1_i/compute_f13_0/inst/mul_16s_18ns_34_1_1_U136/tmp_product/P[47:0] is not pipelined (PREG=0). Pipelining the DSP48 output will improve performance and often saves power so it is suggested whenever possible to fully pipeline this function.  If this DSP48 function was inferred, it is suggested to describe an additional register stage after this function.  If the DSP48 was instantiated in the design, it is suggested to set the PREG attribute to 1.
Related violations: <none>

DPOP-1#8 Warning
PREG Output pipelining  
DSP design_1_i/compute_f13_0/inst/mul_17s_19ns_36_1_1_U135/tmp_product output design_1_i/compute_f13_0/inst/mul_17s_19ns_36_1_1_U135/tmp_product/P[47:0] is not pipelined (PREG=0). Pipelining the DSP48 output will improve performance and often saves power so it is suggested whenever possible to fully pipeline this function.  If this DSP48 function was inferred, it is suggested to describe an additional register stage after this function.  If the DSP48 was instantiated in the design, it is suggested to set the PREG attribute to 1.
Related violations: <none>

DPOP-1#9 Warning
PREG Output pipelining  
DSP design_1_i/compute_f3_0/inst/mul_26s_28ns_53_3_1_U1/tmp_product output design_1_i/compute_f3_0/inst/mul_26s_28ns_53_3_1_U1/tmp_product/P[47:0] is not pipelined (PREG=0). Pipelining the DSP48 output will improve performance and often saves power so it is suggested whenever possible to fully pipeline this function.  If this DSP48 function was inferred, it is suggested to describe an additional register stage after this function.  If the DSP48 was instantiated in the design, it is suggested to set the PREG attribute to 1.
Related violations: <none>

DPOP-1#10 Warning
PREG Output pipelining  
DSP design_1_i/compute_f3_0/inst/mul_26s_28ns_53_3_1_U1/tmp_product__0 output design_1_i/compute_f3_0/inst/mul_26s_28ns_53_3_1_U1/tmp_product__0/P[47:0] is not pipelined (PREG=0). Pipelining the DSP48 output will improve performance and often saves power so it is suggested whenever possible to fully pipeline this function.  If this DSP48 function was inferred, it is suggested to describe an additional register stage after this function.  If the DSP48 was instantiated in the design, it is suggested to set the PREG attribute to 1.
Related violations: <none>

DPOP-1#11 Warning
PREG Output pipelining  
DSP design_1_i/lr_predict_0/inst/grp_dense_latency_ap_fixed_16_6_5_3_0_ap_fixed_16_6_5_3_0_config2_s_fu_45/mul_16s_5ns_21_1_1_U1/tmp_product output design_1_i/lr_predict_0/inst/grp_dense_latency_ap_fixed_16_6_5_3_0_ap_fixed_16_6_5_3_0_config2_s_fu_45/mul_16s_5ns_21_1_1_U1/tmp_product/P[47:0] is not pipelined (PREG=0). Pipelining the DSP48 output will improve performance and often saves power so it is suggested whenever possible to fully pipeline this function.  If this DSP48 function was inferred, it is suggested to describe an additional register stage after this function.  If the DSP48 was instantiated in the design, it is suggested to set the PREG attribute to 1.
Related violations: <none>

DPOP-1#12 Warning
PREG Output pipelining  
DSP design_1_i/lr_predict_0/inst/grp_dense_latency_ap_fixed_16_6_5_3_0_ap_fixed_16_6_5_3_0_config2_s_fu_45/mul_16s_5ns_21_1_1_U3/tmp_product output design_1_i/lr_predict_0/inst/grp_dense_latency_ap_fixed_16_6_5_3_0_ap_fixed_16_6_5_3_0_config2_s_fu_45/mul_16s_5ns_21_1_1_U3/tmp_product/P[47:0] is not pipelined (PREG=0). Pipelining the DSP48 output will improve performance and often saves power so it is suggested whenever possible to fully pipeline this function.  If this DSP48 function was inferred, it is suggested to describe an additional register stage after this function.  If the DSP48 was instantiated in the design, it is suggested to set the PREG attribute to 1.
Related violations: <none>

DPOP-1#13 Warning
PREG Output pipelining  
DSP design_1_i/lr_predict_0/inst/grp_dense_latency_ap_fixed_16_6_5_3_0_ap_fixed_16_6_5_3_0_config2_s_fu_45/mul_16s_9s_25_1_1_U2/tmp_product output design_1_i/lr_predict_0/inst/grp_dense_latency_ap_fixed_16_6_5_3_0_ap_fixed_16_6_5_3_0_config2_s_fu_45/mul_16s_9s_25_1_1_U2/tmp_product/P[47:0] is not pipelined (PREG=0). Pipelining the DSP48 output will improve performance and often saves power so it is suggested whenever possible to fully pipeline this function.  If this DSP48 function was inferred, it is suggested to describe an additional register stage after this function.  If the DSP48 was instantiated in the design, it is suggested to set the PREG attribute to 1.
Related violations: <none>

DPOP-1#14 Warning
PREG Output pipelining  
DSP design_1_i/myproject_0/inst/dense_resource_rf_gt_nin_rem0_ap_fixed_ap_fixed_16_6_5_3_0_config2_U0/mul_16s_10s_26_1_1_U9/tmp_product output design_1_i/myproject_0/inst/dense_resource_rf_gt_nin_rem0_ap_fixed_ap_fixed_16_6_5_3_0_config2_U0/mul_16s_10s_26_1_1_U9/tmp_product/P[47:0] is not pipelined (PREG=0). Pipelining the DSP48 output will improve performance and often saves power so it is suggested whenever possible to fully pipeline this function.  If this DSP48 function was inferred, it is suggested to describe an additional register stage after this function.  If the DSP48 was instantiated in the design, it is suggested to set the PREG attribute to 1.
Related violations: <none>

DPOP-1#15 Warning
PREG Output pipelining  
DSP design_1_i/myproject_0/inst/dense_resource_rf_gt_nin_rem0_ap_fixed_ap_fixed_16_6_5_3_0_config2_U0/mul_16s_16s_26_1_1_U2/tmp_product output design_1_i/myproject_0/inst/dense_resource_rf_gt_nin_rem0_ap_fixed_ap_fixed_16_6_5_3_0_config2_U0/mul_16s_16s_26_1_1_U2/tmp_product/P[47:0] is not pipelined (PREG=0). Pipelining the DSP48 output will improve performance and often saves power so it is suggested whenever possible to fully pipeline this function.  If this DSP48 function was inferred, it is suggested to describe an additional register stage after this function.  If the DSP48 was instantiated in the design, it is suggested to set the PREG attribute to 1.
Related violations: <none>

DPOP-1#16 Warning
PREG Output pipelining  
DSP design_1_i/myproject_0/inst/dense_resource_rf_gt_nin_rem0_ap_fixed_ap_fixed_16_6_5_3_0_config2_U0/mul_16s_16s_26_1_1_U3/tmp_product output design_1_i/myproject_0/inst/dense_resource_rf_gt_nin_rem0_ap_fixed_ap_fixed_16_6_5_3_0_config2_U0/mul_16s_16s_26_1_1_U3/tmp_product/P[47:0] is not pipelined (PREG=0). Pipelining the DSP48 output will improve performance and often saves power so it is suggested whenever possible to fully pipeline this function.  If this DSP48 function was inferred, it is suggested to describe an additional register stage after this function.  If the DSP48 was instantiated in the design, it is suggested to set the PREG attribute to 1.
Related violations: <none>

DPOP-1#17 Warning
PREG Output pipelining  
DSP design_1_i/myproject_0/inst/dense_resource_rf_gt_nin_rem0_ap_fixed_ap_fixed_16_6_5_3_0_config2_U0/mul_16s_16s_26_1_1_U4/tmp_product output design_1_i/myproject_0/inst/dense_resource_rf_gt_nin_rem0_ap_fixed_ap_fixed_16_6_5_3_0_config2_U0/mul_16s_16s_26_1_1_U4/tmp_product/P[47:0] is not pipelined (PREG=0). Pipelining the DSP48 output will improve performance and often saves power so it is suggested whenever possible to fully pipeline this function.  If this DSP48 function was inferred, it is suggested to describe an additional register stage after this function.  If the DSP48 was instantiated in the design, it is suggested to set the PREG attribute to 1.
Related violations: <none>

DPOP-1#18 Warning
PREG Output pipelining  
DSP design_1_i/myproject_0/inst/dense_resource_rf_gt_nin_rem0_ap_fixed_ap_fixed_16_6_5_3_0_config2_U0/mul_16s_16s_26_1_1_U5/tmp_product output design_1_i/myproject_0/inst/dense_resource_rf_gt_nin_rem0_ap_fixed_ap_fixed_16_6_5_3_0_config2_U0/mul_16s_16s_26_1_1_U5/tmp_product/P[47:0] is not pipelined (PREG=0). Pipelining the DSP48 output will improve performance and often saves power so it is suggested whenever possible to fully pipeline this function.  If this DSP48 function was inferred, it is suggested to describe an additional register stage after this function.  If the DSP48 was instantiated in the design, it is suggested to set the PREG attribute to 1.
Related violations: <none>

DPOP-1#19 Warning
PREG Output pipelining  
DSP design_1_i/myproject_0/inst/dense_resource_rf_gt_nin_rem0_ap_fixed_ap_fixed_16_6_5_3_0_config2_U0/mul_16s_16s_26_1_1_U6/tmp_product output design_1_i/myproject_0/inst/dense_resource_rf_gt_nin_rem0_ap_fixed_ap_fixed_16_6_5_3_0_config2_U0/mul_16s_16s_26_1_1_U6/tmp_product/P[47:0] is not pipelined (PREG=0). Pipelining the DSP48 output will improve performance and often saves power so it is suggested whenever possible to fully pipeline this function.  If this DSP48 function was inferred, it is suggested to describe an additional register stage after this function.  If the DSP48 was instantiated in the design, it is suggested to set the PREG attribute to 1.
Related violations: <none>

DPOP-1#20 Warning
PREG Output pipelining  
DSP design_1_i/myproject_0/inst/dense_resource_rf_gt_nin_rem0_ap_fixed_ap_fixed_16_6_5_3_0_config2_U0/mul_16s_16s_26_1_1_U7/tmp_product output design_1_i/myproject_0/inst/dense_resource_rf_gt_nin_rem0_ap_fixed_ap_fixed_16_6_5_3_0_config2_U0/mul_16s_16s_26_1_1_U7/tmp_product/P[47:0] is not pipelined (PREG=0). Pipelining the DSP48 output will improve performance and often saves power so it is suggested whenever possible to fully pipeline this function.  If this DSP48 function was inferred, it is suggested to describe an additional register stage after this function.  If the DSP48 was instantiated in the design, it is suggested to set the PREG attribute to 1.
Related violations: <none>

DPOP-1#21 Warning
PREG Output pipelining  
DSP design_1_i/myproject_0/inst/dense_resource_rf_gt_nin_rem0_ap_fixed_ap_fixed_16_6_5_3_0_config2_U0/mul_16s_16s_26_1_1_U8/tmp_product output design_1_i/myproject_0/inst/dense_resource_rf_gt_nin_rem0_ap_fixed_ap_fixed_16_6_5_3_0_config2_U0/mul_16s_16s_26_1_1_U8/tmp_product/P[47:0] is not pipelined (PREG=0). Pipelining the DSP48 output will improve performance and often saves power so it is suggested whenever possible to fully pipeline this function.  If this DSP48 function was inferred, it is suggested to describe an additional register stage after this function.  If the DSP48 was instantiated in the design, it is suggested to set the PREG attribute to 1.
Related violations: <none>

DPOP-1#22 Warning
PREG Output pipelining  
DSP design_1_i/myproject_0/inst/dense_resource_rf_gt_nin_rem0_ap_fixed_ap_fixed_16_6_5_3_0_config5_U0/mul_15ns_10s_25_1_1_U36/tmp_product output design_1_i/myproject_0/inst/dense_resource_rf_gt_nin_rem0_ap_fixed_ap_fixed_16_6_5_3_0_config5_U0/mul_15ns_10s_25_1_1_U36/tmp_product/P[47:0] is not pipelined (PREG=0). Pipelining the DSP48 output will improve performance and often saves power so it is suggested whenever possible to fully pipeline this function.  If this DSP48 function was inferred, it is suggested to describe an additional register stage after this function.  If the DSP48 was instantiated in the design, it is suggested to set the PREG attribute to 1.
Related violations: <none>

DPOP-1#23 Warning
PREG Output pipelining  
DSP design_1_i/myproject_0/inst/dense_resource_rf_gt_nin_rem0_ap_fixed_ap_fixed_16_6_5_3_0_config5_U0/mul_16s_15ns_26_1_1_U33/tmp_product output design_1_i/myproject_0/inst/dense_resource_rf_gt_nin_rem0_ap_fixed_ap_fixed_16_6_5_3_0_config5_U0/mul_16s_15ns_26_1_1_U33/tmp_product/P[47:0] is not pipelined (PREG=0). Pipelining the DSP48 output will improve performance and often saves power so it is suggested whenever possible to fully pipeline this function.  If this DSP48 function was inferred, it is suggested to describe an additional register stage after this function.  If the DSP48 was instantiated in the design, it is suggested to set the PREG attribute to 1.
Related violations: <none>

DPOP-1#24 Warning
PREG Output pipelining  
DSP design_1_i/myproject_0/inst/dense_resource_rf_gt_nin_rem0_ap_fixed_ap_fixed_16_6_5_3_0_config5_U0/mul_16s_15ns_26_1_1_U34/tmp_product output design_1_i/myproject_0/inst/dense_resource_rf_gt_nin_rem0_ap_fixed_ap_fixed_16_6_5_3_0_config5_U0/mul_16s_15ns_26_1_1_U34/tmp_product/P[47:0] is not pipelined (PREG=0). Pipelining the DSP48 output will improve performance and often saves power so it is suggested whenever possible to fully pipeline this function.  If this DSP48 function was inferred, it is suggested to describe an additional register stage after this function.  If the DSP48 was instantiated in the design, it is suggested to set the PREG attribute to 1.
Related violations: <none>

DPOP-1#25 Warning
PREG Output pipelining  
DSP design_1_i/myproject_0/inst/dense_resource_rf_gt_nin_rem0_ap_fixed_ap_fixed_16_6_5_3_0_config5_U0/mul_16s_15ns_26_1_1_U35/tmp_product output design_1_i/myproject_0/inst/dense_resource_rf_gt_nin_rem0_ap_fixed_ap_fixed_16_6_5_3_0_config5_U0/mul_16s_15ns_26_1_1_U35/tmp_product/P[47:0] is not pipelined (PREG=0). Pipelining the DSP48 output will improve performance and often saves power so it is suggested whenever possible to fully pipeline this function.  If this DSP48 function was inferred, it is suggested to describe an additional register stage after this function.  If the DSP48 was instantiated in the design, it is suggested to set the PREG attribute to 1.
Related violations: <none>

DPOP-1#26 Warning
PREG Output pipelining  
DSP design_1_i/myproject_0/inst/dense_resource_rf_leq_nin_ap_fixed_ap_fixed_16_6_5_3_0_config7_U0/mul_15ns_12s_26_1_1_U67/tmp_product output design_1_i/myproject_0/inst/dense_resource_rf_leq_nin_ap_fixed_ap_fixed_16_6_5_3_0_config7_U0/mul_15ns_12s_26_1_1_U67/tmp_product/P[47:0] is not pipelined (PREG=0). Pipelining the DSP48 output will improve performance and often saves power so it is suggested whenever possible to fully pipeline this function.  If this DSP48 function was inferred, it is suggested to describe an additional register stage after this function.  If the DSP48 was instantiated in the design, it is suggested to set the PREG attribute to 1.
Related violations: <none>

DPOP-2#1 Warning
MREG Output pipelining  
DSP design_1_i/compute_f13_0/inst/mul_16s_18ns_34_1_1_U126/tmp_product multiplier stage design_1_i/compute_f13_0/inst/mul_16s_18ns_34_1_1_U126/tmp_product/P[47:0] is not pipelined (MREG=0). Pipelining the multiplier function will improve performance and will save significant power so it is suggested whenever possible to fully pipeline this function.  If this multiplier was inferred, it is suggested to describe an additional register stage after this function.  If there is no registered adder/accumulator following the multiply function, two pipeline stages are suggested to allow both the MREG and PREG registers to be used.  If the DSP48 was instantiated in the design, it is suggested to set both the MREG and PREG attributes to 1 when performing multiply functions.
Related violations: <none>

DPOP-2#2 Warning
MREG Output pipelining  
DSP design_1_i/compute_f13_0/inst/mul_16s_18ns_34_1_1_U127/tmp_product multiplier stage design_1_i/compute_f13_0/inst/mul_16s_18ns_34_1_1_U127/tmp_product/P[47:0] is not pipelined (MREG=0). Pipelining the multiplier function will improve performance and will save significant power so it is suggested whenever possible to fully pipeline this function.  If this multiplier was inferred, it is suggested to describe an additional register stage after this function.  If there is no registered adder/accumulator following the multiply function, two pipeline stages are suggested to allow both the MREG and PREG registers to be used.  If the DSP48 was instantiated in the design, it is suggested to set both the MREG and PREG attributes to 1 when performing multiply functions.
Related violations: <none>

DPOP-2#3 Warning
MREG Output pipelining  
DSP design_1_i/compute_f13_0/inst/mul_16s_18ns_34_1_1_U128/tmp_product multiplier stage design_1_i/compute_f13_0/inst/mul_16s_18ns_34_1_1_U128/tmp_product/P[47:0] is not pipelined (MREG=0). Pipelining the multiplier function will improve performance and will save significant power so it is suggested whenever possible to fully pipeline this function.  If this multiplier was inferred, it is suggested to describe an additional register stage after this function.  If there is no registered adder/accumulator following the multiply function, two pipeline stages are suggested to allow both the MREG and PREG registers to be used.  If the DSP48 was instantiated in the design, it is suggested to set both the MREG and PREG attributes to 1 when performing multiply functions.
Related violations: <none>

DPOP-2#4 Warning
MREG Output pipelining  
DSP design_1_i/compute_f13_0/inst/mul_16s_18ns_34_1_1_U129/tmp_product multiplier stage design_1_i/compute_f13_0/inst/mul_16s_18ns_34_1_1_U129/tmp_product/P[47:0] is not pipelined (MREG=0). Pipelining the multiplier function will improve performance and will save significant power so it is suggested whenever possible to fully pipeline this function.  If this multiplier was inferred, it is suggested to describe an additional register stage after this function.  If there is no registered adder/accumulator following the multiply function, two pipeline stages are suggested to allow both the MREG and PREG registers to be used.  If the DSP48 was instantiated in the design, it is suggested to set both the MREG and PREG attributes to 1 when performing multiply functions.
Related violations: <none>

DPOP-2#5 Warning
MREG Output pipelining  
DSP design_1_i/compute_f13_0/inst/mul_16s_18ns_34_1_1_U130/tmp_product multiplier stage design_1_i/compute_f13_0/inst/mul_16s_18ns_34_1_1_U130/tmp_product/P[47:0] is not pipelined (MREG=0). Pipelining the multiplier function will improve performance and will save significant power so it is suggested whenever possible to fully pipeline this function.  If this multiplier was inferred, it is suggested to describe an additional register stage after this function.  If there is no registered adder/accumulator following the multiply function, two pipeline stages are suggested to allow both the MREG and PREG registers to be used.  If the DSP48 was instantiated in the design, it is suggested to set both the MREG and PREG attributes to 1 when performing multiply functions.
Related violations: <none>

DPOP-2#6 Warning
MREG Output pipelining  
DSP design_1_i/compute_f13_0/inst/mul_16s_18ns_34_1_1_U131/tmp_product multiplier stage design_1_i/compute_f13_0/inst/mul_16s_18ns_34_1_1_U131/tmp_product/P[47:0] is not pipelined (MREG=0). Pipelining the multiplier function will improve performance and will save significant power so it is suggested whenever possible to fully pipeline this function.  If this multiplier was inferred, it is suggested to describe an additional register stage after this function.  If there is no registered adder/accumulator following the multiply function, two pipeline stages are suggested to allow both the MREG and PREG registers to be used.  If the DSP48 was instantiated in the design, it is suggested to set both the MREG and PREG attributes to 1 when performing multiply functions.
Related violations: <none>

DPOP-2#7 Warning
MREG Output pipelining  
DSP design_1_i/compute_f13_0/inst/mul_16s_18ns_34_1_1_U136/tmp_product multiplier stage design_1_i/compute_f13_0/inst/mul_16s_18ns_34_1_1_U136/tmp_product/P[47:0] is not pipelined (MREG=0). Pipelining the multiplier function will improve performance and will save significant power so it is suggested whenever possible to fully pipeline this function.  If this multiplier was inferred, it is suggested to describe an additional register stage after this function.  If there is no registered adder/accumulator following the multiply function, two pipeline stages are suggested to allow both the MREG and PREG registers to be used.  If the DSP48 was instantiated in the design, it is suggested to set both the MREG and PREG attributes to 1 when performing multiply functions.
Related violations: <none>

DPOP-2#8 Warning
MREG Output pipelining  
DSP design_1_i/compute_f13_0/inst/mul_17s_19ns_36_1_1_U135/tmp_product multiplier stage design_1_i/compute_f13_0/inst/mul_17s_19ns_36_1_1_U135/tmp_product/P[47:0] is not pipelined (MREG=0). Pipelining the multiplier function will improve performance and will save significant power so it is suggested whenever possible to fully pipeline this function.  If this multiplier was inferred, it is suggested to describe an additional register stage after this function.  If there is no registered adder/accumulator following the multiply function, two pipeline stages are suggested to allow both the MREG and PREG registers to be used.  If the DSP48 was instantiated in the design, it is suggested to set both the MREG and PREG attributes to 1 when performing multiply functions.
Related violations: <none>

DPOP-2#9 Warning
MREG Output pipelining  
DSP design_1_i/compute_f3_0/inst/mul_26s_28ns_53_3_1_U1/buff0_reg multiplier stage design_1_i/compute_f3_0/inst/mul_26s_28ns_53_3_1_U1/buff0_reg/P[47:0] is not pipelined (MREG=0). Pipelining the multiplier function will improve performance and will save significant power so it is suggested whenever possible to fully pipeline this function.  If this multiplier was inferred, it is suggested to describe an additional register stage after this function.  If there is no registered adder/accumulator following the multiply function, two pipeline stages are suggested to allow both the MREG and PREG registers to be used.  If the DSP48 was instantiated in the design, it is suggested to set both the MREG and PREG attributes to 1 when performing multiply functions.
Related violations: <none>

DPOP-2#10 Warning
MREG Output pipelining  
DSP design_1_i/compute_f3_0/inst/mul_26s_28ns_53_3_1_U1/buff0_reg__0 multiplier stage design_1_i/compute_f3_0/inst/mul_26s_28ns_53_3_1_U1/buff0_reg__0/P[47:0] is not pipelined (MREG=0). Pipelining the multiplier function will improve performance and will save significant power so it is suggested whenever possible to fully pipeline this function.  If this multiplier was inferred, it is suggested to describe an additional register stage after this function.  If there is no registered adder/accumulator following the multiply function, two pipeline stages are suggested to allow both the MREG and PREG registers to be used.  If the DSP48 was instantiated in the design, it is suggested to set both the MREG and PREG attributes to 1 when performing multiply functions.
Related violations: <none>

DPOP-2#11 Warning
MREG Output pipelining  
DSP design_1_i/compute_f3_0/inst/mul_26s_28ns_53_3_1_U1/tmp_product multiplier stage design_1_i/compute_f3_0/inst/mul_26s_28ns_53_3_1_U1/tmp_product/P[47:0] is not pipelined (MREG=0). Pipelining the multiplier function will improve performance and will save significant power so it is suggested whenever possible to fully pipeline this function.  If this multiplier was inferred, it is suggested to describe an additional register stage after this function.  If there is no registered adder/accumulator following the multiply function, two pipeline stages are suggested to allow both the MREG and PREG registers to be used.  If the DSP48 was instantiated in the design, it is suggested to set both the MREG and PREG attributes to 1 when performing multiply functions.
Related violations: <none>

DPOP-2#12 Warning
MREG Output pipelining  
DSP design_1_i/compute_f3_0/inst/mul_26s_28ns_53_3_1_U1/tmp_product__0 multiplier stage design_1_i/compute_f3_0/inst/mul_26s_28ns_53_3_1_U1/tmp_product__0/P[47:0] is not pipelined (MREG=0). Pipelining the multiplier function will improve performance and will save significant power so it is suggested whenever possible to fully pipeline this function.  If this multiplier was inferred, it is suggested to describe an additional register stage after this function.  If there is no registered adder/accumulator following the multiply function, two pipeline stages are suggested to allow both the MREG and PREG registers to be used.  If the DSP48 was instantiated in the design, it is suggested to set both the MREG and PREG attributes to 1 when performing multiply functions.
Related violations: <none>

DPOP-2#13 Warning
MREG Output pipelining  
DSP design_1_i/lr_predict_0/inst/grp_dense_latency_ap_fixed_16_6_5_3_0_ap_fixed_16_6_5_3_0_config2_s_fu_45/mul_16s_5ns_21_1_1_U1/tmp_product multiplier stage design_1_i/lr_predict_0/inst/grp_dense_latency_ap_fixed_16_6_5_3_0_ap_fixed_16_6_5_3_0_config2_s_fu_45/mul_16s_5ns_21_1_1_U1/tmp_product/P[47:0] is not pipelined (MREG=0). Pipelining the multiplier function will improve performance and will save significant power so it is suggested whenever possible to fully pipeline this function.  If this multiplier was inferred, it is suggested to describe an additional register stage after this function.  If there is no registered adder/accumulator following the multiply function, two pipeline stages are suggested to allow both the MREG and PREG registers to be used.  If the DSP48 was instantiated in the design, it is suggested to set both the MREG and PREG attributes to 1 when performing multiply functions.
Related violations: <none>

DPOP-2#14 Warning
MREG Output pipelining  
DSP design_1_i/lr_predict_0/inst/grp_dense_latency_ap_fixed_16_6_5_3_0_ap_fixed_16_6_5_3_0_config2_s_fu_45/mul_16s_5ns_21_1_1_U3/tmp_product multiplier stage design_1_i/lr_predict_0/inst/grp_dense_latency_ap_fixed_16_6_5_3_0_ap_fixed_16_6_5_3_0_config2_s_fu_45/mul_16s_5ns_21_1_1_U3/tmp_product/P[47:0] is not pipelined (MREG=0). Pipelining the multiplier function will improve performance and will save significant power so it is suggested whenever possible to fully pipeline this function.  If this multiplier was inferred, it is suggested to describe an additional register stage after this function.  If there is no registered adder/accumulator following the multiply function, two pipeline stages are suggested to allow both the MREG and PREG registers to be used.  If the DSP48 was instantiated in the design, it is suggested to set both the MREG and PREG attributes to 1 when performing multiply functions.
Related violations: <none>

DPOP-2#15 Warning
MREG Output pipelining  
DSP design_1_i/lr_predict_0/inst/grp_dense_latency_ap_fixed_16_6_5_3_0_ap_fixed_16_6_5_3_0_config2_s_fu_45/mul_16s_9s_25_1_1_U2/tmp_product multiplier stage design_1_i/lr_predict_0/inst/grp_dense_latency_ap_fixed_16_6_5_3_0_ap_fixed_16_6_5_3_0_config2_s_fu_45/mul_16s_9s_25_1_1_U2/tmp_product/P[47:0] is not pipelined (MREG=0). Pipelining the multiplier function will improve performance and will save significant power so it is suggested whenever possible to fully pipeline this function.  If this multiplier was inferred, it is suggested to describe an additional register stage after this function.  If there is no registered adder/accumulator following the multiply function, two pipeline stages are suggested to allow both the MREG and PREG registers to be used.  If the DSP48 was instantiated in the design, it is suggested to set both the MREG and PREG attributes to 1 when performing multiply functions.
Related violations: <none>

DPOP-2#16 Warning
MREG Output pipelining  
DSP design_1_i/myproject_0/inst/dense_resource_rf_gt_nin_rem0_ap_fixed_ap_fixed_16_6_5_3_0_config2_U0/mul_16s_10s_26_1_1_U9/tmp_product multiplier stage design_1_i/myproject_0/inst/dense_resource_rf_gt_nin_rem0_ap_fixed_ap_fixed_16_6_5_3_0_config2_U0/mul_16s_10s_26_1_1_U9/tmp_product/P[47:0] is not pipelined (MREG=0). Pipelining the multiplier function will improve performance and will save significant power so it is suggested whenever possible to fully pipeline this function.  If this multiplier was inferred, it is suggested to describe an additional register stage after this function.  If there is no registered adder/accumulator following the multiply function, two pipeline stages are suggested to allow both the MREG and PREG registers to be used.  If the DSP48 was instantiated in the design, it is suggested to set both the MREG and PREG attributes to 1 when performing multiply functions.
Related violations: <none>

DPOP-2#17 Warning
MREG Output pipelining  
DSP design_1_i/myproject_0/inst/dense_resource_rf_gt_nin_rem0_ap_fixed_ap_fixed_16_6_5_3_0_config2_U0/mul_16s_16s_26_1_1_U2/tmp_product multiplier stage design_1_i/myproject_0/inst/dense_resource_rf_gt_nin_rem0_ap_fixed_ap_fixed_16_6_5_3_0_config2_U0/mul_16s_16s_26_1_1_U2/tmp_product/P[47:0] is not pipelined (MREG=0). Pipelining the multiplier function will improve performance and will save significant power so it is suggested whenever possible to fully pipeline this function.  If this multiplier was inferred, it is suggested to describe an additional register stage after this function.  If there is no registered adder/accumulator following the multiply function, two pipeline stages are suggested to allow both the MREG and PREG registers to be used.  If the DSP48 was instantiated in the design, it is suggested to set both the MREG and PREG attributes to 1 when performing multiply functions.
Related violations: <none>

DPOP-2#18 Warning
MREG Output pipelining  
DSP design_1_i/myproject_0/inst/dense_resource_rf_gt_nin_rem0_ap_fixed_ap_fixed_16_6_5_3_0_config2_U0/mul_16s_16s_26_1_1_U3/tmp_product multiplier stage design_1_i/myproject_0/inst/dense_resource_rf_gt_nin_rem0_ap_fixed_ap_fixed_16_6_5_3_0_config2_U0/mul_16s_16s_26_1_1_U3/tmp_product/P[47:0] is not pipelined (MREG=0). Pipelining the multiplier function will improve performance and will save significant power so it is suggested whenever possible to fully pipeline this function.  If this multiplier was inferred, it is suggested to describe an additional register stage after this function.  If there is no registered adder/accumulator following the multiply function, two pipeline stages are suggested to allow both the MREG and PREG registers to be used.  If the DSP48 was instantiated in the design, it is suggested to set both the MREG and PREG attributes to 1 when performing multiply functions.
Related violations: <none>

DPOP-2#19 Warning
MREG Output pipelining  
DSP design_1_i/myproject_0/inst/dense_resource_rf_gt_nin_rem0_ap_fixed_ap_fixed_16_6_5_3_0_config2_U0/mul_16s_16s_26_1_1_U4/tmp_product multiplier stage design_1_i/myproject_0/inst/dense_resource_rf_gt_nin_rem0_ap_fixed_ap_fixed_16_6_5_3_0_config2_U0/mul_16s_16s_26_1_1_U4/tmp_product/P[47:0] is not pipelined (MREG=0). Pipelining the multiplier function will improve performance and will save significant power so it is suggested whenever possible to fully pipeline this function.  If this multiplier was inferred, it is suggested to describe an additional register stage after this function.  If there is no registered adder/accumulator following the multiply function, two pipeline stages are suggested to allow both the MREG and PREG registers to be used.  If the DSP48 was instantiated in the design, it is suggested to set both the MREG and PREG attributes to 1 when performing multiply functions.
Related violations: <none>

DPOP-2#20 Warning
MREG Output pipelining  
DSP design_1_i/myproject_0/inst/dense_resource_rf_gt_nin_rem0_ap_fixed_ap_fixed_16_6_5_3_0_config2_U0/mul_16s_16s_26_1_1_U5/tmp_product multiplier stage design_1_i/myproject_0/inst/dense_resource_rf_gt_nin_rem0_ap_fixed_ap_fixed_16_6_5_3_0_config2_U0/mul_16s_16s_26_1_1_U5/tmp_product/P[47:0] is not pipelined (MREG=0). Pipelining the multiplier function will improve performance and will save significant power so it is suggested whenever possible to fully pipeline this function.  If this multiplier was inferred, it is suggested to describe an additional register stage after this function.  If there is no registered adder/accumulator following the multiply function, two pipeline stages are suggested to allow both the MREG and PREG registers to be used.  If the DSP48 was instantiated in the design, it is suggested to set both the MREG and PREG attributes to 1 when performing multiply functions.
Related violations: <none>

DPOP-2#21 Warning
MREG Output pipelining  
DSP design_1_i/myproject_0/inst/dense_resource_rf_gt_nin_rem0_ap_fixed_ap_fixed_16_6_5_3_0_config2_U0/mul_16s_16s_26_1_1_U6/tmp_product multiplier stage design_1_i/myproject_0/inst/dense_resource_rf_gt_nin_rem0_ap_fixed_ap_fixed_16_6_5_3_0_config2_U0/mul_16s_16s_26_1_1_U6/tmp_product/P[47:0] is not pipelined (MREG=0). Pipelining the multiplier function will improve performance and will save significant power so it is suggested whenever possible to fully pipeline this function.  If this multiplier was inferred, it is suggested to describe an additional register stage after this function.  If there is no registered adder/accumulator following the multiply function, two pipeline stages are suggested to allow both the MREG and PREG registers to be used.  If the DSP48 was instantiated in the design, it is suggested to set both the MREG and PREG attributes to 1 when performing multiply functions.
Related violations: <none>

DPOP-2#22 Warning
MREG Output pipelining  
DSP design_1_i/myproject_0/inst/dense_resource_rf_gt_nin_rem0_ap_fixed_ap_fixed_16_6_5_3_0_config2_U0/mul_16s_16s_26_1_1_U7/tmp_product multiplier stage design_1_i/myproject_0/inst/dense_resource_rf_gt_nin_rem0_ap_fixed_ap_fixed_16_6_5_3_0_config2_U0/mul_16s_16s_26_1_1_U7/tmp_product/P[47:0] is not pipelined (MREG=0). Pipelining the multiplier function will improve performance and will save significant power so it is suggested whenever possible to fully pipeline this function.  If this multiplier was inferred, it is suggested to describe an additional register stage after this function.  If there is no registered adder/accumulator following the multiply function, two pipeline stages are suggested to allow both the MREG and PREG registers to be used.  If the DSP48 was instantiated in the design, it is suggested to set both the MREG and PREG attributes to 1 when performing multiply functions.
Related violations: <none>

DPOP-2#23 Warning
MREG Output pipelining  
DSP design_1_i/myproject_0/inst/dense_resource_rf_gt_nin_rem0_ap_fixed_ap_fixed_16_6_5_3_0_config2_U0/mul_16s_16s_26_1_1_U8/tmp_product multiplier stage design_1_i/myproject_0/inst/dense_resource_rf_gt_nin_rem0_ap_fixed_ap_fixed_16_6_5_3_0_config2_U0/mul_16s_16s_26_1_1_U8/tmp_product/P[47:0] is not pipelined (MREG=0). Pipelining the multiplier function will improve performance and will save significant power so it is suggested whenever possible to fully pipeline this function.  If this multiplier was inferred, it is suggested to describe an additional register stage after this function.  If there is no registered adder/accumulator following the multiply function, two pipeline stages are suggested to allow both the MREG and PREG registers to be used.  If the DSP48 was instantiated in the design, it is suggested to set both the MREG and PREG attributes to 1 when performing multiply functions.
Related violations: <none>

DPOP-2#24 Warning
MREG Output pipelining  
DSP design_1_i/myproject_0/inst/dense_resource_rf_gt_nin_rem0_ap_fixed_ap_fixed_16_6_5_3_0_config5_U0/mul_15ns_10s_25_1_1_U36/tmp_product multiplier stage design_1_i/myproject_0/inst/dense_resource_rf_gt_nin_rem0_ap_fixed_ap_fixed_16_6_5_3_0_config5_U0/mul_15ns_10s_25_1_1_U36/tmp_product/P[47:0] is not pipelined (MREG=0). Pipelining the multiplier function will improve performance and will save significant power so it is suggested whenever possible to fully pipeline this function.  If this multiplier was inferred, it is suggested to describe an additional register stage after this function.  If there is no registered adder/accumulator following the multiply function, two pipeline stages are suggested to allow both the MREG and PREG registers to be used.  If the DSP48 was instantiated in the design, it is suggested to set both the MREG and PREG attributes to 1 when performing multiply functions.
Related violations: <none>

DPOP-2#25 Warning
MREG Output pipelining  
DSP design_1_i/myproject_0/inst/dense_resource_rf_gt_nin_rem0_ap_fixed_ap_fixed_16_6_5_3_0_config5_U0/mul_16s_15ns_26_1_1_U33/tmp_product multiplier stage design_1_i/myproject_0/inst/dense_resource_rf_gt_nin_rem0_ap_fixed_ap_fixed_16_6_5_3_0_config5_U0/mul_16s_15ns_26_1_1_U33/tmp_product/P[47:0] is not pipelined (MREG=0). Pipelining the multiplier function will improve performance and will save significant power so it is suggested whenever possible to fully pipeline this function.  If this multiplier was inferred, it is suggested to describe an additional register stage after this function.  If there is no registered adder/accumulator following the multiply function, two pipeline stages are suggested to allow both the MREG and PREG registers to be used.  If the DSP48 was instantiated in the design, it is suggested to set both the MREG and PREG attributes to 1 when performing multiply functions.
Related violations: <none>

DPOP-2#26 Warning
MREG Output pipelining  
DSP design_1_i/myproject_0/inst/dense_resource_rf_gt_nin_rem0_ap_fixed_ap_fixed_16_6_5_3_0_config5_U0/mul_16s_15ns_26_1_1_U34/tmp_product multiplier stage design_1_i/myproject_0/inst/dense_resource_rf_gt_nin_rem0_ap_fixed_ap_fixed_16_6_5_3_0_config5_U0/mul_16s_15ns_26_1_1_U34/tmp_product/P[47:0] is not pipelined (MREG=0). Pipelining the multiplier function will improve performance and will save significant power so it is suggested whenever possible to fully pipeline this function.  If this multiplier was inferred, it is suggested to describe an additional register stage after this function.  If there is no registered adder/accumulator following the multiply function, two pipeline stages are suggested to allow both the MREG and PREG registers to be used.  If the DSP48 was instantiated in the design, it is suggested to set both the MREG and PREG attributes to 1 when performing multiply functions.
Related violations: <none>

DPOP-2#27 Warning
MREG Output pipelining  
DSP design_1_i/myproject_0/inst/dense_resource_rf_gt_nin_rem0_ap_fixed_ap_fixed_16_6_5_3_0_config5_U0/mul_16s_15ns_26_1_1_U35/tmp_product multiplier stage design_1_i/myproject_0/inst/dense_resource_rf_gt_nin_rem0_ap_fixed_ap_fixed_16_6_5_3_0_config5_U0/mul_16s_15ns_26_1_1_U35/tmp_product/P[47:0] is not pipelined (MREG=0). Pipelining the multiplier function will improve performance and will save significant power so it is suggested whenever possible to fully pipeline this function.  If this multiplier was inferred, it is suggested to describe an additional register stage after this function.  If there is no registered adder/accumulator following the multiply function, two pipeline stages are suggested to allow both the MREG and PREG registers to be used.  If the DSP48 was instantiated in the design, it is suggested to set both the MREG and PREG attributes to 1 when performing multiply functions.
Related violations: <none>

DPOP-2#28 Warning
MREG Output pipelining  
DSP design_1_i/myproject_0/inst/dense_resource_rf_leq_nin_ap_fixed_ap_fixed_16_6_5_3_0_config7_U0/mul_15ns_12s_26_1_1_U67/tmp_product multiplier stage design_1_i/myproject_0/inst/dense_resource_rf_leq_nin_ap_fixed_ap_fixed_16_6_5_3_0_config7_U0/mul_15ns_12s_26_1_1_U67/tmp_product/P[47:0] is not pipelined (MREG=0). Pipelining the multiplier function will improve performance and will save significant power so it is suggested whenever possible to fully pipeline this function.  If this multiplier was inferred, it is suggested to describe an additional register stage after this function.  If there is no registered adder/accumulator following the multiply function, two pipeline stages are suggested to allow both the MREG and PREG registers to be used.  If the DSP48 was instantiated in the design, it is suggested to set both the MREG and PREG attributes to 1 when performing multiply functions.
Related violations: <none>

PDCN-1569#1 Warning
LUT equation term check  
Used physical LUT pin 'A1' of cell dbg_hub/inst/BSCANID.u_xsdbm_id/SWITCH_N_EXT_BSCAN.bscan_switch/temp_curid[31]_i_1 (pin dbg_hub/inst/BSCANID.u_xsdbm_id/SWITCH_N_EXT_BSCAN.bscan_switch/temp_curid[31]_i_1/I1) is not included in the LUT equation: 'O5=(A4*A5)+(A4*(~A5)*(~A3))+((~A4))'. If this cell is a user instantiated LUT in the design, please remove connectivity to the pin or change the equation and/or INIT string of the LUT to prevent this issue. If the cell is inferred or IP created LUT, please regenerate the IP and/or resynthesize the design to attempt to correct the issue.
Related violations: <none>

PDCN-1569#2 Warning
LUT equation term check  
Used physical LUT pin 'A2' of cell dbg_hub/inst/BSCANID.u_xsdbm_id/SWITCH_N_EXT_BSCAN.bscan_switch/temp_curid[31]_i_1 (pin dbg_hub/inst/BSCANID.u_xsdbm_id/SWITCH_N_EXT_BSCAN.bscan_switch/temp_curid[31]_i_1/I0) is not included in the LUT equation: 'O5=(A4*A5)+(A4*(~A5)*(~A3))+((~A4))'. If this cell is a user instantiated LUT in the design, please remove connectivity to the pin or change the equation and/or INIT string of the LUT to prevent this issue. If the cell is inferred or IP created LUT, please regenerate the IP and/or resynthesize the design to attempt to correct the issue.
Related violations: <none>

PDCN-1569#3 Warning
LUT equation term check  
Used physical LUT pin 'A3' of cell dbg_hub/inst/BSCANID.u_xsdbm_id/SWITCH_N_EXT_BSCAN.id_state[0]_i_1 (pin dbg_hub/inst/BSCANID.u_xsdbm_id/SWITCH_N_EXT_BSCAN.id_state[0]_i_1/I0) is not included in the LUT equation: 'O6=(A6+~A6)*((A2))'. If this cell is a user instantiated LUT in the design, please remove connectivity to the pin or change the equation and/or INIT string of the LUT to prevent this issue. If the cell is inferred or IP created LUT, please regenerate the IP and/or resynthesize the design to attempt to correct the issue.
Related violations: <none>

RTSTAT-10#1 Warning
No routable loads  
35 net(s) have no routable loads. The problem bus(es) and/or net(s) are dbg_hub/inst/BSCANID.u_xsdbm_id/CORE_XSDB.UUT_MASTER/U_ICON_INTERFACE/U_CMD1/ctl_reg_en_2[1],
dbg_hub/inst/BSCANID.u_xsdbm_id/CORE_XSDB.UUT_MASTER/U_ICON_INTERFACE/U_CMD6_RD/U_RD_FIFO/SUBCORE_FIFO.xsdbm_v3_0_5_rdfifo_inst/inst_fifo_gen/gconvfifo.rf/grf.rf/gntv_or_sync_fifo.gl0.rd/gr1.gr1_int.rfwft/aempty_fwft_i,
dbg_hub/inst/BSCANID.u_xsdbm_id/CORE_XSDB.UUT_MASTER/U_ICON_INTERFACE/U_CMD6_RD/U_RD_FIFO/SUBCORE_FIFO.xsdbm_v3_0_5_rdfifo_inst/inst_fifo_gen/gconvfifo.rf/grf.rf/gntv_or_sync_fifo.gl0.rd/gras.rsts/ram_empty_i,
dbg_hub/inst/BSCANID.u_xsdbm_id/CORE_XSDB.UUT_MASTER/U_ICON_INTERFACE/U_CMD6_RD/U_RD_FIFO/SUBCORE_FIFO.xsdbm_v3_0_5_rdfifo_inst/inst_fifo_gen/gconvfifo.rf/grf.rf/gntv_or_sync_fifo.gl0.wr/gwhf.whf/overflow,
dbg_hub/inst/BSCANID.u_xsdbm_id/CORE_XSDB.UUT_MASTER/U_ICON_INTERFACE/U_CMD6_RD/U_RD_FIFO/SUBCORE_FIFO.xsdbm_v3_0_5_rdfifo_inst/inst_fifo_gen/gconvfifo.rf/grf.rf/rstblk/ngwrdrst.grst.wr_rst_reg[2],
dbg_hub/inst/BSCANID.u_xsdbm_id/CORE_XSDB.UUT_MASTER/U_ICON_INTERFACE/U_CMD6_WR/U_WR_FIFO/SUBCORE_FIFO.xsdbm_v3_0_5_wrfifo_inst/inst_fifo_gen/gconvfifo.rf/grf.rf/gntv_or_sync_fifo.gl0.wr/gwhf.whf/overflow,
dbg_hub/inst/BSCANID.u_xsdbm_id/CORE_XSDB.UUT_MASTER/U_ICON_INTERFACE/U_CMD6_WR/U_WR_FIFO/SUBCORE_FIFO.xsdbm_v3_0_5_wrfifo_inst/inst_fifo_gen/gconvfifo.rf/grf.rf/rstblk/ngwrdrst.grst.rd_rst_reg[0],
dbg_hub/inst/BSCANID.u_xsdbm_id/CORE_XSDB.UUT_MASTER/U_ICON_INTERFACE/U_CMD6_WR/U_WR_FIFO/SUBCORE_FIFO.xsdbm_v3_0_5_wrfifo_inst/inst_fifo_gen/gconvfifo.rf/grf.rf/rstblk/ngwrdrst.grst.wr_rst_reg[2],
dbg_hub/inst/BSCANID.u_xsdbm_id/CORE_XSDB.UUT_MASTER/U_ICON_INTERFACE/U_CMD7_CTL/ctl_reg[2:0],
dbg_hub/inst/BSCANID.u_xsdbm_id/CORE_XSDB.UUT_MASTER/U_ICON_INTERFACE/U_CMD7_CTL/ctl_reg_en_2[1],
dbg_hub/inst/BSCANID.u_xsdbm_id/SWITCH_N_EXT_BSCAN.bscan_inst/TMS,
dbg_hub/inst/BSCANID.u_xsdbm_id/SWITCH_N_EXT_BSCAN.bscan_switch/m_bscan_capture[0],
dbg_hub/inst/BSCANID.u_xsdbm_id/SWITCH_N_EXT_BSCAN.bscan_switch/m_bscan_drck[0],
dbg_hub/inst/BSCANID.u_xsdbm_id/SWITCH_N_EXT_BSCAN.bscan_switch/m_bscan_runtest[0],
design_1_i/prediction_mux_0/inst/prediction[9:0]
 (the first 15 of 24 listed nets/buses).
Related violations: <none>


